<?xml version="1.0" encoding="UTF-8"?>
<!-- Generated by org.testng.reporters.JUnitXMLReporter -->
<testsuite ignored="1" hostname="DMIFDELHOL872" failures="1" tests="39" name="Default test" time="0.495" errors="0" timestamp="2025-11-16T12:02:10 IST">
  <testcase classname="com.demo.tests.Test2" name="api01" time="0.013"/>
  <testcase classname="com.demo.tests.Test2" name="api02" time="0.002"/>
  <testcase classname="com.demo.tests.Test2" name="api03" time="0.001"/>
  <testcase classname="com.demo.tests.Test2" name="dataProviderTest" time="0.003"/>
  <testcase classname="com.demo.tests.Test2" name="dataProviderTest" time="0.003"/>
  <testcase classname="com.demo.tests.Test2" name="dataProviderTest" time="0.002"/>
  <testcase classname="com.demo.tests.Test2" name="fastTest" time="0.125"/>
  <testcase classname="com.demo.tests.Test2" name="login" time="0.001"/>
  <testcase classname="com.demo.tests.Test2" name="dashboard" time="0.002"/>
  <testcase classname="com.demo.tests.Test2" name="logout" time="0.002"/>
  <testcase classname="com.demo.tests.Test2" name="mobile01" time="0.001"/>
  <testcase classname="com.demo.tests.Test2" name="mobile02" time="0.011"/>
  <testcase classname="com.demo.tests.Test2" name="mobile03" time="0.004"/>
  <testcase classname="com.demo.tests.Test2" name="parameterTest" time="0.0">
    <failure type="org.testng.TestNGException" message="
Parameter &amp;apos;username&amp;apos; is required by @Test on method parameterTest but has not been marked @Optional or defined
in C:\Users\vahid.tyagi-ns\AppData\Local\Temp\testng-eclipse--982508003\testng-customsuite.xml">
      <![CDATA[org.testng.TestNGException: 
Parameter 'username' is required by @Test on method parameterTest but has not been marked @Optional or defined
in C:\Users\vahid.tyagi-ns\AppData\Local\Temp\testng-eclipse--982508003\testng-customsuite.xml
at org.testng.internal.Parameters.createParams(Parameters.java:264)
at org.testng.internal.Parameters.createParametersForMethod(Parameters.java:352)
at org.testng.internal.Parameters.createParameters(Parameters.java:690)
at org.testng.internal.Parameters.handleParameters(Parameters.java:885)
at org.testng.internal.Parameters.handleParameters(Parameters.java:734)
at org.testng.internal.invokers.ParameterHandler.handleParameters(ParameterHandler.java:72)
at org.testng.internal.invokers.ParameterHandler.createParameters(ParameterHandler.java:51)
at org.testng.internal.invokers.TestInvoker$MethodInvocationAgent.invoke(TestInvoker.java:946)
at org.testng.internal.invokers.TestInvoker.invokeTestMethods(TestInvoker.java:203)
at org.testng.internal.invokers.TestMethodWorker.invokeTestMethods(TestMethodWorker.java:154)
at org.testng.internal.invokers.TestMethodWorker.run(TestMethodWorker.java:134)
at java.base/java.util.ArrayList.forEach(ArrayList.java:1596)
at org.testng.TestRunner.privateRun(TestRunner.java:739)
at org.testng.TestRunner.run(TestRunner.java:614)
at org.testng.SuiteRunner.runTest(SuiteRunner.java:421)
at org.testng.SuiteRunner.runSequentially(SuiteRunner.java:413)
at org.testng.SuiteRunner.privateRun(SuiteRunner.java:373)
at org.testng.SuiteRunner.run(SuiteRunner.java:312)
at org.testng.SuiteRunnerWorker.runSuite(SuiteRunnerWorker.java:52)
at org.testng.SuiteRunnerWorker.run(SuiteRunnerWorker.java:95)
at org.testng.TestNG.runSuitesSequentially(TestNG.java:1274)
at org.testng.TestNG.runSuitesLocally(TestNG.java:1208)
at org.testng.TestNG.runSuites(TestNG.java:1112)
at org.testng.TestNG.run(TestNG.java:1079)
at org.testng.remote.AbstractRemoteTestNG.run(AbstractRemoteTestNG.java:115)
at org.testng.remote.RemoteTestNG.initAndRun(RemoteTestNG.java:293)
at org.testng.remote.RemoteTestNG.main(RemoteTestNG.java:91)
]]>
    </failure>
  </testcase> <!-- parameterTest -->
  <testcase classname="com.demo.tests.Test2" name="test01" time="0.001"/>
  <testcase classname="com.demo.tests.Test2" name="test02" time="0.002"/>
  <testcase classname="com.demo.tests.Test2" name="test03" time="0.001"/>
  <testcase classname="com.demo.tests.Test2" name="test04" time="0.002"/>
  <testcase classname="com.demo.tests.Test2" name="test05" time="0.001"/>
  <testcase classname="com.demo.tests.Test2" name="test06" time="0.001"/>
  <testcase classname="com.demo.tests.Test2" name="test07" time="0.002"/>
  <testcase classname="com.demo.tests.Test2" name="test08" time="0.002"/>
  <testcase classname="com.demo.tests.Test2" name="test09" time="0.001"/>
  <testcase classname="com.demo.tests.Test2" name="test10" time="0.001"/>
  <testcase classname="com.demo.tests.Test2" name="test11" time="0.001"/>
  <testcase classname="com.demo.tests.Test2" name="test12" time="0.001"/>
  <testcase classname="com.demo.tests.Test2" name="test13" time="0.002"/>
  <testcase classname="com.demo.tests.Test2" name="test14" time="0.002"/>
  <testcase classname="com.demo.tests.Test2" name="test15" time="0.001"/>
  <testcase classname="com.demo.tests.Test2" name="test18" time="0.001"/>
  <testcase classname="com.demo.tests.Test2" name="testException" time="0.003"/>
  <testcase classname="com.demo.tests.Test2" name="testRepeated" time="0.002"/>
  <testcase classname="com.demo.tests.Test2" name="testRepeated" time="0.001"/>
  <testcase classname="com.demo.tests.Test2" name="testRepeated" time="0.001"/>
  <testcase classname="com.demo.tests.Test2" name="web01" time="0.005"/>
  <testcase classname="com.demo.tests.Test2" name="web02" time="0.002"/>
  <testcase classname="com.demo.tests.Test2" name="web03" time="0.002"/>
  <testcase classname="com.demo.tests.Test2" name="test16" time="0.002"/>
  <testcase classname="com.demo.tests.Test2" name="test17" time="0.001"/>
  <testcase classname="com.demo.tests.Test2" name="skippedTest" time="0.0">
    <ignored/>
  </testcase> <!-- skippedTest -->
</testsuite> <!-- Default test -->
