<?xml version="1.0" encoding="UTF-8"?>
<!-- Generated by org.testng.reporters.JUnitXMLReporter -->
<testsuite ignored="0" hostname="DMIFDELHOL872" failures="0" tests="3" name="Car Loan" time="0.023" errors="0" timestamp="2025-11-16T13:20:20 IST">
  <testcase classname="com.demo.tests.WebLogin" name="APILoginHomeLoan" time="0.002"/>
  <testcase classname="com.demo.tests.WebLogin" name="MobileHomeLoan" time="0.002"/>
  <testcase classname="com.demo.tests.WebLogin" name="WebHomeLoan" time="0.003"/>
</testsuite> <!-- Car Loan -->
