<html>
<head>
<title>TestNG:  Personal Loan</title>
<link href="../testng.css" rel="stylesheet" type="text/css" />
<link href="../my-testng.css" rel="stylesheet" type="text/css" />

<style type="text/css">
.log { display: none;} 
.stack-trace { display: none;} 
</style>
<script type="text/javascript">
<!--
function flip(e) {
  current = e.style.display;
  if (current == 'block') {
    e.style.display = 'none';
    return 0;
  }
  else {
    e.style.display = 'block';
    return 1;
  }
}

function toggleBox(szDivId, elem, msg1, msg2)
{
  var res = -1;  if (document.getElementById) {
    res = flip(document.getElementById(szDivId));
  }
  else if (document.all) {
    // this is the way old msie versions work
    res = flip(document.all[szDivId]);
  }
  if(elem) {
    if(res == 0) elem.innerHTML = msg1; else elem.innerHTML = msg2;
  }

}

function toggleAllBoxes() {
  if (document.getElementsByTagName) {
    d = document.getElementsByTagName('div');
    for (i = 0; i < d.length; i++) {
      if (d[i].className == 'log') {
        flip(d[i]);
      }
    }
  }
}

// -->
</script>

</head>
<body>
<h2 align='center'>Personal Loan</h2><table border='1' align="center">
<tr>
<td>Tests passed/Failed/Skipped:</td><td>42/1/0</td>
</tr><tr>
<td>Started on:</td><td>Sun Nov 16 13:20:19 IST 2025</td>
</tr>
<tr><td>Total time:</td><td>0 seconds (632 ms)</td>
</tr><tr>
<td>Included groups:</td><td></td>
</tr><tr>
<td>Excluded groups:</td><td></td>
</tr>
</table><p/>
<small><i>(Hover the method name to see the test class name)</i></small><p/>
<table width='100%' border='1' class='invocation-failed'>
<tr><td colspan='4' align='center'><b>FAILED TESTS</b></td></tr>
<tr><td><b>Test method</b></td>
<td><b>Attribute(s)</b></td>
<td width="30%"><b>Exception</b></td>
<td width="10%"><b>Time (seconds)</b></td>
<td><b>Instance</b></td>
</tr>
<tr>
<td title='com.demo.tests.Test2.parameterTest()'><b>parameterTest</b><br>Test class: com.demo.tests.Test2</td>
<td><div><pre>org.testng.TestNGException: 
Parameter &apos;username&apos; is required by @Test on method parameterTest but has not been marked @Optional or defined
in C:\Users\vahid.tyagi-ns\eclipse-workspace\TestNGProject\testng.xml
	at org.testng.internal.Parameters.createParams(Parameters.java:264)
	at org.testng.internal.Parameters.createParametersForMethod(Parameters.java:352)
	at org.testng.internal.Parameters.createParameters(Parameters.java:690)
	at org.testng.internal.Parameters.handleParameters(Parameters.java:885)
	at org.testng.internal.Parameters.handleParameters(Parameters.java:734)
	at org.testng.internal.invokers.ParameterHandler.handleParameters(ParameterHandler.java:72)
	at org.testng.internal.invokers.ParameterHandler.createParameters(ParameterHandler.java:51)
	at org.testng.internal.invokers.TestInvoker$MethodInvocationAgent.invoke(TestInvoker.java:946)
	at org.testng.internal.invokers.TestInvoker.invokeTestMethods(TestInvoker.java:203)
	at org.testng.internal.invokers.TestMethodWorker.invokeTestMethods(TestMethodWorker.java:154)
	at org.testng.internal.invokers.TestMethodWorker.run(TestMethodWorker.java:134)
	at java.base/java.util.ArrayList.forEach(ArrayList.java:1596)
	at org.testng.TestRunner.privateRun(TestRunner.java:739)
	at org.testng.TestRunner.run(TestRunner.java:614)
	at org.testng.SuiteRunner.runTest(SuiteRunner.java:421)
	at org.testng.SuiteRunner.runSequentially(SuiteRunner.java:413)
	at org.testng.SuiteRunner.privateRun(SuiteRunner.java:373)
	at org.testng.SuiteRunner.run(SuiteRunner.java:312)
	at org.testng.SuiteRunnerWorker.runSuite(SuiteRunnerWorker.java:52)
	at org.testng.SuiteRunnerWorker.run(SuiteRunnerWorker.java:95)
	at org.testng.TestNG.runSuitesSequentially(TestNG.java:1274)
	at org.testng.TestNG.runSuitesLocally(TestNG.java:1208)
	at org.testng.TestNG.runSuites(TestNG.java:1112)
	at org.testng.TestNG.run(TestNG.java:1079)
	at org.testng.remote.AbstractRemoteTestNG.run(AbstractRemoteTestNG.java:115)
	at org.testng.remote.RemoteTestNG.initAndRun(RemoteTestNG.java:293)
	at org.testng.remote.RemoteTestNG.main(RemoteTestNG.java:91)
</pre></div><a href='#' onClick='toggleBox("stack-trace497208183", this, "Click to show all stack frames", "Click to hide stack frames")'>Click to show all stack frames</a>
<div class='stack-trace' id='stack-trace497208183'><pre>org.testng.TestNGException: 
Parameter &apos;username&apos; is required by @Test on method parameterTest but has not been marked @Optional or defined
in C:\Users\vahid.tyagi-ns\eclipse-workspace\TestNGProject\testng.xml
	at org.testng.internal.Parameters.createParams(Parameters.java:264)
	at org.testng.internal.Parameters.createParametersForMethod(Parameters.java:352)
	at org.testng.internal.Parameters.createParameters(Parameters.java:690)
	at org.testng.internal.Parameters.handleParameters(Parameters.java:885)
	at org.testng.internal.Parameters.handleParameters(Parameters.java:734)
	at org.testng.internal.invokers.ParameterHandler.handleParameters(ParameterHandler.java:72)
	at org.testng.internal.invokers.ParameterHandler.createParameters(ParameterHandler.java:51)
	at org.testng.internal.invokers.TestInvoker$MethodInvocationAgent.invoke(TestInvoker.java:946)
	at org.testng.internal.invokers.TestInvoker.invokeTestMethods(TestInvoker.java:203)
	at org.testng.internal.invokers.TestMethodWorker.invokeTestMethods(TestMethodWorker.java:154)
	at org.testng.internal.invokers.TestMethodWorker.run(TestMethodWorker.java:134)
	at java.base/java.util.ArrayList.forEach(ArrayList.java:1596)
	at org.testng.TestRunner.privateRun(TestRunner.java:739)
	at org.testng.TestRunner.run(TestRunner.java:614)
	at org.testng.SuiteRunner.runTest(SuiteRunner.java:421)
	at org.testng.SuiteRunner.runSequentially(SuiteRunner.java:413)
	at org.testng.SuiteRunner.privateRun(SuiteRunner.java:373)
	at org.testng.SuiteRunner.run(SuiteRunner.java:312)
	at org.testng.SuiteRunnerWorker.runSuite(SuiteRunnerWorker.java:52)
	at org.testng.SuiteRunnerWorker.run(SuiteRunnerWorker.java:95)
	at org.testng.TestNG.runSuitesSequentially(TestNG.java:1274)
	at org.testng.TestNG.runSuitesLocally(TestNG.java:1208)
	at org.testng.TestNG.runSuites(TestNG.java:1112)
	at org.testng.TestNG.run(TestNG.java:1079)
	at org.testng.remote.AbstractRemoteTestNG.run(AbstractRemoteTestNG.java:115)
	at org.testng.remote.RemoteTestNG.initAndRun(RemoteTestNG.java:293)
	at org.testng.remote.RemoteTestNG.main(RemoteTestNG.java:91)
</pre></div></td>
<td>0</td>
<td>com.demo.tests.Test2@3c46e67a</td></tr>
</table><p>
<table width='100%' border='1' class='invocation-passed'>
<tr><td colspan='4' align='center'><b>PASSED TESTS</b></td></tr>
<tr><td><b>Test method</b></td>
<td><b>Attribute(s)</b></td>
<td width="30%"><b>Exception</b></td>
<td width="10%"><b>Time (seconds)</b></td>
<td><b>Instance</b></td>
</tr>
<tr>
<td title='com.demo.tests.Test2.test10()'><b>test10</b><br>Test class: com.demo.tests.Test2</td>
<td></td>
<td>0</td>
<td>com.demo.tests.Test2@3c46e67a</td></tr>
<tr>
<td title='com.demo.tests.Test2.web03()'><b>web03</b><br>Test class: com.demo.tests.Test2</td>
<td></td>
<td>0</td>
<td>com.demo.tests.Test2@3c46e67a</td></tr>
<tr>
<td title='com.demo.tests.HomeLoan.MobileHomeLoan()'><b>MobileHomeLoan</b><br>Test class: com.demo.tests.HomeLoan</td>
<td></td>
<td>0</td>
<td>com.demo.tests.HomeLoan@c730b35</td></tr>
<tr>
<td title='com.demo.tests.Test2.test06()'><b>test06</b><br>Test class: com.demo.tests.Test2</td>
<td></td>
<td>0</td>
<td>com.demo.tests.Test2@3c46e67a</td></tr>
<tr>
<td title='com.demo.tests.Test2.dataProviderTest()'><b>dataProviderTest</b><br>Test class: com.demo.tests.Test2<br>Parameters: user1, pwd1</td>
<td></td>
<td>0</td>
<td>com.demo.tests.Test2@3c46e67a</td></tr>
<tr>
<td title='com.demo.tests.Test2.login()'><b>login</b><br>Test class: com.demo.tests.Test2</td>
<td></td>
<td>0</td>
<td>com.demo.tests.Test2@3c46e67a</td></tr>
<tr>
<td title='com.demo.tests.Test2.testException()'><b>testException</b><br>Test class: com.demo.tests.Test2</td>
<td><div><pre>java.lang.ArithmeticException: / by zero
	at com.demo.tests.Test2.testException(Test2.java:190)
	at java.base/jdk.internal.reflect.DirectMethodHandleAccessor.invoke(DirectMethodHandleAccessor.java:103)
	at java.base/java.lang.reflect.Method.invoke(Method.java:580)
	at org.testng.internal.invokers.MethodInvocationHelper.invokeMethod(MethodInvocationHelper.java:141)
	at org.testng.internal.invokers.TestInvoker.invokeMethod(TestInvoker.java:686)
	at org.testng.internal.invokers.TestInvoker.invokeTestMethod(TestInvoker.java:230)
	at org.testng.internal.invokers.MethodRunner.runInSequence(MethodRunner.java:63)
	at org.testng.internal.invokers.TestInvoker$MethodInvocationAgent.invoke(TestInvoker.java:992)
	at org.testng.internal.invokers.TestInvoker.invokeTestMethods(TestInvoker.java:203)
	at org.testng.internal.invokers.TestMethodWorker.invokeTestMethods(TestMethodWorker.java:154)
	at org.testng.internal.invokers.TestMethodWorker.run(TestMethodWorker.java:134)
	at java.base/java.util.ArrayList.forEach(ArrayList.java:1596)
	at org.testng.TestRunner.privateRun(TestRunner.java:739)
	at org.testng.TestRunner.run(TestRunner.java:614)
	at org.testng.SuiteRunner.runTest(SuiteRunner.java:421)
	at org.testng.SuiteRunner.runSequentially(SuiteRunner.java:413)
	at org.testng.SuiteRunner.privateRun(SuiteRunner.java:373)
	at org.testng.SuiteRunner.run(SuiteRunner.java:312)
	at org.testng.SuiteRunnerWorker.runSuite(SuiteRunnerWorker.java:52)
	at org.testng.SuiteRunnerWorker.run(SuiteRunnerWorker.java:95)
	at org.testng.TestNG.runSuitesSequentially(TestNG.java:1274)
	at org.testng.TestNG.runSuitesLocally(TestNG.java:1208)
	at org.testng.TestNG.runSuites(TestNG.java:1112)
	at org.testng.TestNG.run(TestNG.java:1079)
	at org.testng.remote.AbstractRemoteTestNG.run(AbstractRemoteTestNG.java:115)
	at org.testng.remote.RemoteTestNG.initAndRun(RemoteTestNG.java:293)
	at org.testng.remote.RemoteTestNG.main(RemoteTestNG.java:91)
</pre></div><a href='#' onClick='toggleBox("stack-trace936653983", this, "Click to show all stack frames", "Click to hide stack frames")'>Click to show all stack frames</a>
<div class='stack-trace' id='stack-trace936653983'><pre>java.lang.ArithmeticException: / by zero
	at com.demo.tests.Test2.testException(Test2.java:190)
	at java.base/jdk.internal.reflect.DirectMethodHandleAccessor.invoke(DirectMethodHandleAccessor.java:103)
	at java.base/java.lang.reflect.Method.invoke(Method.java:580)
	at org.testng.internal.invokers.MethodInvocationHelper.invokeMethod(MethodInvocationHelper.java:141)
	at org.testng.internal.invokers.TestInvoker.invokeMethod(TestInvoker.java:686)
	at org.testng.internal.invokers.TestInvoker.invokeTestMethod(TestInvoker.java:230)
	at org.testng.internal.invokers.MethodRunner.runInSequence(MethodRunner.java:63)
	at org.testng.internal.invokers.TestInvoker$MethodInvocationAgent.invoke(TestInvoker.java:992)
	at org.testng.internal.invokers.TestInvoker.invokeTestMethods(TestInvoker.java:203)
	at org.testng.internal.invokers.TestMethodWorker.invokeTestMethods(TestMethodWorker.java:154)
	at org.testng.internal.invokers.TestMethodWorker.run(TestMethodWorker.java:134)
	at java.base/java.util.ArrayList.forEach(ArrayList.java:1596)
	at org.testng.TestRunner.privateRun(TestRunner.java:739)
	at org.testng.TestRunner.run(TestRunner.java:614)
	at org.testng.SuiteRunner.runTest(SuiteRunner.java:421)
	at org.testng.SuiteRunner.runSequentially(SuiteRunner.java:413)
	at org.testng.SuiteRunner.privateRun(SuiteRunner.java:373)
	at org.testng.SuiteRunner.run(SuiteRunner.java:312)
	at org.testng.SuiteRunnerWorker.runSuite(SuiteRunnerWorker.java:52)
	at org.testng.SuiteRunnerWorker.run(SuiteRunnerWorker.java:95)
	at org.testng.TestNG.runSuitesSequentially(TestNG.java:1274)
	at org.testng.TestNG.runSuitesLocally(TestNG.java:1208)
	at org.testng.TestNG.runSuites(TestNG.java:1112)
	at org.testng.TestNG.run(TestNG.java:1079)
	at org.testng.remote.AbstractRemoteTestNG.run(AbstractRemoteTestNG.java:115)
	at org.testng.remote.RemoteTestNG.initAndRun(RemoteTestNG.java:293)
	at org.testng.remote.RemoteTestNG.main(RemoteTestNG.java:91)
</pre></div></td>
<td>0</td>
<td>com.demo.tests.Test2@3c46e67a</td></tr>
<tr>
<td title='com.demo.tests.Test1.sampleTest()'><b>sampleTest</b><br>Test class: com.demo.tests.Test1<br>Parameters: personalLoan.com, 123456</td>
<td></td>
<td>0</td>
<td>com.demo.tests.Test1@55b699ef</td></tr>
<tr>
<td title='com.demo.tests.Test2.testRepeated()'><b>testRepeated</b><br>Test class: com.demo.tests.Test2</td>
<td></td>
<td>0</td>
<td>com.demo.tests.Test2@3c46e67a</td></tr>
<tr>
<td title='com.demo.tests.Test2.test04()'><b>test04</b><br>Test class: com.demo.tests.Test2</td>
<td></td>
<td>0</td>
<td>com.demo.tests.Test2@3c46e67a</td></tr>
<tr>
<td title='com.demo.tests.Test2.test09()'><b>test09</b><br>Test class: com.demo.tests.Test2</td>
<td></td>
<td>0</td>
<td>com.demo.tests.Test2@3c46e67a</td></tr>
<tr>
<td title='com.demo.tests.Test2.test01()'><b>test01</b><br>Test class: com.demo.tests.Test2</td>
<td></td>
<td>0</td>
<td>com.demo.tests.Test2@3c46e67a</td></tr>
<tr>
<td title='com.demo.tests.Test2.test03()'><b>test03</b><br>Test class: com.demo.tests.Test2</td>
<td></td>
<td>0</td>
<td>com.demo.tests.Test2@3c46e67a</td></tr>
<tr>
<td title='com.demo.tests.Test2.test14()'><b>test14</b><br>Test class: com.demo.tests.Test2</td>
<td></td>
<td>0</td>
<td>com.demo.tests.Test2@3c46e67a</td></tr>
<tr>
<td title='com.demo.tests.Test2.test15()'><b>test15</b><br>Test class: com.demo.tests.Test2</td>
<td></td>
<td>0</td>
<td>com.demo.tests.Test2@3c46e67a</td></tr>
<tr>
<td title='com.demo.tests.Test2.web01()'><b>web01</b><br>Test class: com.demo.tests.Test2</td>
<td></td>
<td>0</td>
<td>com.demo.tests.Test2@3c46e67a</td></tr>
<tr>
<td title='com.demo.tests.Test2.api01()'><b>api01</b><br>Test class: com.demo.tests.Test2</td>
<td></td>
<td>0</td>
<td>com.demo.tests.Test2@3c46e67a</td></tr>
<tr>
<td title='com.demo.tests.Test2.test11()'><b>test11</b><br>Test class: com.demo.tests.Test2</td>
<td></td>
<td>0</td>
<td>com.demo.tests.Test2@3c46e67a</td></tr>
<tr>
<td title='com.demo.tests.Test2.api03()'><b>api03</b><br>Test class: com.demo.tests.Test2</td>
<td></td>
<td>0</td>
<td>com.demo.tests.Test2@3c46e67a</td></tr>
<tr>
<td title='com.demo.tests.Test2.test13()'><b>test13</b><br>Test class: com.demo.tests.Test2</td>
<td></td>
<td>0</td>
<td>com.demo.tests.Test2@3c46e67a</td></tr>
<tr>
<td title='com.demo.tests.Test2.mobile03()'><b>mobile03</b><br>Test class: com.demo.tests.Test2</td>
<td></td>
<td>0</td>
<td>com.demo.tests.Test2@3c46e67a</td></tr>
<tr>
<td title='com.demo.tests.Test2.web02()'><b>web02</b><br>Test class: com.demo.tests.Test2</td>
<td></td>
<td>0</td>
<td>com.demo.tests.Test2@3c46e67a</td></tr>
<tr>
<td title='com.demo.tests.HomeLoan.WebHomeLoan()'><b>WebHomeLoan</b><br>Test class: com.demo.tests.HomeLoan<br>Parameters: personalLoan.com</td>
<td></td>
<td>0</td>
<td>com.demo.tests.HomeLoan@c730b35</td></tr>
<tr>
<td title='com.demo.tests.Test2.fastTest()'><b>fastTest</b><br>Test class: com.demo.tests.Test2</td>
<td></td>
<td>0</td>
<td>com.demo.tests.Test2@3c46e67a</td></tr>
<tr>
<td title='com.demo.tests.Test2.mobile01()'><b>mobile01</b><br>Test class: com.demo.tests.Test2</td>
<td></td>
<td>0</td>
<td>com.demo.tests.Test2@3c46e67a</td></tr>
<tr>
<td title='com.demo.tests.Test2.testRepeated()'><b>testRepeated</b><br>Test class: com.demo.tests.Test2</td>
<td></td>
<td>0</td>
<td>com.demo.tests.Test2@3c46e67a</td></tr>
<tr>
<td title='com.demo.tests.Test2.dataProviderTest()'><b>dataProviderTest</b><br>Test class: com.demo.tests.Test2<br>Parameters: user2, pwd2</td>
<td></td>
<td>0</td>
<td>com.demo.tests.Test2@3c46e67a</td></tr>
<tr>
<td title='com.demo.tests.Test2.dataProviderTest()'><b>dataProviderTest</b><br>Test class: com.demo.tests.Test2<br>Parameters: user3, pwd3</td>
<td></td>
<td>0</td>
<td>com.demo.tests.Test2@3c46e67a</td></tr>
<tr>
<td title='com.demo.tests.Test2.mobile02()'><b>mobile02</b><br>Test class: com.demo.tests.Test2</td>
<td></td>
<td>0</td>
<td>com.demo.tests.Test2@3c46e67a</td></tr>
<tr>
<td title='com.demo.tests.Test2.test16()'><b>test16</b><br>Test class: com.demo.tests.Test2</td>
<td></td>
<td>0</td>
<td>com.demo.tests.Test2@3c46e67a</td></tr>
<tr>
<td title='com.demo.tests.Test2.test07()'><b>test07</b><br>Test class: com.demo.tests.Test2</td>
<td></td>
<td>0</td>
<td>com.demo.tests.Test2@3c46e67a</td></tr>
<tr>
<td title='com.demo.tests.Test2.testRepeated()'><b>testRepeated</b><br>Test class: com.demo.tests.Test2</td>
<td></td>
<td>0</td>
<td>com.demo.tests.Test2@3c46e67a</td></tr>
<tr>
<td title='com.demo.tests.Test2.test08()'><b>test08</b><br>Test class: com.demo.tests.Test2</td>
<td></td>
<td>0</td>
<td>com.demo.tests.Test2@3c46e67a</td></tr>
<tr>
<td title='com.demo.tests.Test2.test05()'><b>test05</b><br>Test class: com.demo.tests.Test2</td>
<td></td>
<td>0</td>
<td>com.demo.tests.Test2@3c46e67a</td></tr>
<tr>
<td title='com.demo.tests.HomeLoan.APILoginHomeLoan()'><b>APILoginHomeLoan</b><br>Test class: com.demo.tests.HomeLoan</td>
<td></td>
<td>0</td>
<td>com.demo.tests.HomeLoan@c730b35</td></tr>
<tr>
<td title='com.demo.tests.Test2.logout()'><b>logout</b><br>Test class: com.demo.tests.Test2</td>
<td></td>
<td>0</td>
<td>com.demo.tests.Test2@3c46e67a</td></tr>
<tr>
<td title='com.demo.tests.Test2.test02()'><b>test02</b><br>Test class: com.demo.tests.Test2</td>
<td></td>
<td>0</td>
<td>com.demo.tests.Test2@3c46e67a</td></tr>
<tr>
<td title='com.demo.tests.Test2.api02()'><b>api02</b><br>Test class: com.demo.tests.Test2</td>
<td></td>
<td>0</td>
<td>com.demo.tests.Test2@3c46e67a</td></tr>
<tr>
<td title='com.demo.tests.Test2.dashboard()'><b>dashboard</b><br>Test class: com.demo.tests.Test2</td>
<td></td>
<td>0</td>
<td>com.demo.tests.Test2@3c46e67a</td></tr>
<tr>
<td title='com.demo.tests.Test2.test18()'><b>test18</b><br>Test class: com.demo.tests.Test2</td>
<td></td>
<td>0</td>
<td>com.demo.tests.Test2@3c46e67a</td></tr>
<tr>
<td title='com.demo.tests.Test2.test12()'><b>test12</b><br>Test class: com.demo.tests.Test2</td>
<td></td>
<td>0</td>
<td>com.demo.tests.Test2@3c46e67a</td></tr>
<tr>
<td title='com.demo.tests.Test2.test17()'><b>test17</b><br>Test class: com.demo.tests.Test2</td>
<td></td>
<td>0</td>
<td>com.demo.tests.Test2@3c46e67a</td></tr>
</table><p>
</body>
</html>