<?xml version="1.0" encoding="UTF-8"?>
<!-- Generated by org.testng.reporters.JUnitReportReporter -->
<testsuite hostname="DMIFDELHOL872" failures="0" tests="3" name="com.demo.tests.HomeLoan" time="0.006" errors="0" timestamp="2025-11-16T13:20:21 IST" skipped="0">
  <testcase classname="com.demo.tests.HomeLoan" name="APILoginHomeLoan" time="0.001"/>
  <testcase classname="com.demo.tests.HomeLoan" name="MobileHomeLoan" time="0.000"/>
  <testcase classname="com.demo.tests.HomeLoan" name="WebHomeLoan" time="0.005"/>
</testsuite> <!-- com.demo.tests.HomeLoan -->
