<?xml version="1.0" encoding="UTF-8"?>
<!-- Generated by org.testng.reporters.JUnitReportReporter -->
<testsuite hostname="DMIFDELHOL872" failures="0" tests="3" name="com.demo.tests.WebLogin" time="0.007" errors="0" timestamp="2025-11-16T13:20:21 IST" skipped="0">
  <testcase classname="com.demo.tests.WebLogin" name="MobileHomeLoan" time="0.002"/>
  <testcase classname="com.demo.tests.WebLogin" name="APILoginHomeLoan" time="0.002"/>
  <testcase classname="com.demo.tests.WebLogin" name="WebHomeLoan" time="0.003"/>
</testsuite> <!-- com.demo.tests.WebLogin -->
